[2018-10-19 07:17:35.729] [sharedprocess] [info] main {"machineId":"30a3751bf97f8283833cd503498e51373fbc5ee414ff8f8fe2ad04bbe9319f94"}
[2018-10-19 07:17:35.905] [sharedprocess] [info] Scanned user extensions: 14
[2018-10-19 07:17:36.040] [sharedprocess] [info] Scanned user extensions: 14
[2018-10-19 07:17:36.051] [sharedprocess] [info] Scanned user extensions: 14
[2018-10-19 07:17:36.118] [sharedprocess] [info] Scanned user extensions: 14
[2018-10-19 07:17:37.696] [sharedprocess] [info] Scanned system extensions: 71
[2018-10-19 07:17:37.728] [sharedprocess] [info] Scanned system extensions: 71
[2018-10-19 07:17:37.739] [sharedprocess] [info] Deleted from disk wallabyjs.quokka-vscode-1.0.155
[2018-10-19 07:18:15.737] [sharedprocess] [info] Starting to clean up unused language packs.
[2018-10-19 07:22:36.611] [sharedprocess] [info] Scanned user extensions: 14
[2018-10-19 07:27:36.642] [sharedprocess] [info] Scanned user extensions: 14
[2018-10-19 07:32:36.665] [sharedprocess] [info] Scanned user extensions: 14
[2018-10-19 07:37:36.691] [sharedprocess] [info] Scanned user extensions: 14
[2018-10-19 07:42:36.710] [sharedprocess] [info] Scanned user extensions: 14
[2018-10-19 07:47:36.731] [sharedprocess] [info] Scanned user extensions: 14
[2018-10-19 07:52:36.752] [sharedprocess] [info] Scanned user extensions: 14
[2018-10-19 07:57:36.778] [sharedprocess] [info] Scanned user extensions: 14
[2018-10-19 08:02:37.341] [sharedprocess] [info] Scanned user extensions: 14
[2018-10-19 08:07:37.361] [sharedprocess] [info] Scanned user extensions: 14
[2018-10-19 08:12:37.384] [sharedprocess] [info] Scanned user extensions: 14
[2018-10-19 08:17:38.122] [sharedprocess] [info] Scanned user extensions: 14
[2018-10-19 08:22:38.147] [sharedprocess] [info] Scanned user extensions: 14
[2018-10-19 08:27:38.170] [sharedprocess] [info] Scanned user extensions: 14
[2018-10-19 08:32:38.189] [sharedprocess] [info] Scanned user extensions: 14
[2018-10-19 08:37:38.389] [sharedprocess] [info] Scanned user extensions: 14
[2018-10-19 08:42:39.261] [sharedprocess] [info] Scanned user extensions: 14
[2018-10-19 08:47:39.282] [sharedprocess] [info] Scanned user extensions: 14
[2018-10-19 08:52:39.300] [sharedprocess] [info] Scanned user extensions: 14
[2018-10-19 08:57:39.319] [sharedprocess] [info] Scanned user extensions: 14
[2018-10-19 09:02:39.336] [sharedprocess] [info] Scanned user extensions: 14
[2018-10-19 09:07:39.356] [sharedprocess] [info] Scanned user extensions: 14
[2018-10-19 09:12:39.375] [sharedprocess] [info] Scanned user extensions: 14
[2018-10-19 09:17:40.239] [sharedprocess] [info] Scanned user extensions: 14
[2018-10-19 09:22:40.258] [sharedprocess] [info] Scanned user extensions: 14
[2018-10-19 09:27:40.425] [sharedprocess] [info] Scanned user extensions: 14
[2018-10-19 09:32:40.444] [sharedprocess] [info] Scanned user extensions: 14
[2018-10-19 09:37:40.639] [sharedprocess] [info] Scanned user extensions: 14
[2018-10-19 09:42:41.562] [sharedprocess] [info] Scanned user extensions: 14
[2018-10-19 09:47:41.604] [sharedprocess] [info] Scanned user extensions: 14
[2018-10-19 09:52:41.633] [sharedprocess] [info] Scanned user extensions: 14
[2018-10-19 09:57:41.664] [sharedprocess] [info] Scanned user extensions: 14
