[2018-10-19 13:08:52.765] [exthost] [info] extension host started
[2018-10-19 13:08:52.795] [exthost] [info] ExtensionService#_doActivateExtension vscode.debug-auto-launch {"startup":true,"activationEvent":"*"}
[2018-10-19 13:08:52.795] [exthost] [info] ExtensionService#loadCommonJSModule /usr/share/code/resources/app/extensions/debug-auto-launch/dist/extension
[2018-10-19 13:08:52.805] [exthost] [info] ExtensionService#_doActivateExtension vscode.emmet {"startup":true,"activationEvent":"*"}
[2018-10-19 13:08:52.805] [exthost] [info] ExtensionService#loadCommonJSModule /usr/share/code/resources/app/extensions/emmet/dist/extension
[2018-10-19 13:08:52.878] [exthost] [info] ExtensionService#_doActivateExtension vscode.git {"startup":true,"activationEvent":"*"}
[2018-10-19 13:08:52.878] [exthost] [info] ExtensionService#loadCommonJSModule /usr/share/code/resources/app/extensions/git/dist/main
[2018-10-19 13:08:53.118] [exthost] [info] ExtensionService#_doActivateExtension vscode.merge-conflict {"startup":true,"activationEvent":"*"}
[2018-10-19 13:08:53.118] [exthost] [info] ExtensionService#loadCommonJSModule /usr/share/code/resources/app/extensions/merge-conflict/dist/extension
[2018-10-19 13:08:53.129] [exthost] [info] ExtensionService#_doActivateExtension vscode.search-rg {"startup":true,"activationEvent":"*"}
[2018-10-19 13:08:53.129] [exthost] [info] ExtensionService#loadCommonJSModule /usr/share/code/resources/app/extensions/search-rg/dist/extension
[2018-10-19 13:08:53.138] [exthost] [info] ExtensionService#_doActivateExtension dbaeumer.vscode-eslint {"startup":true,"activationEvent":"*"}
[2018-10-19 13:08:53.138] [exthost] [info] ExtensionService#loadCommonJSModule /home/gabriel/.vscode/extensions/dbaeumer.vscode-eslint-1.6.1/client/out/extension
[2018-10-19 13:08:53.221] [exthost] [info] ExtensionService#_doActivateExtension esbenp.prettier-vscode {"startup":true,"activationEvent":"*"}
[2018-10-19 13:08:53.221] [exthost] [info] ExtensionService#loadCommonJSModule /home/gabriel/.vscode/extensions/esbenp.prettier-vscode-1.6.1/out/src/extension
[2018-10-19 13:08:53.475] [exthost] [info] ExtensionService#_doActivateExtension HookyQR.beautify {"startup":true,"activationEvent":"*"}
[2018-10-19 13:08:53.475] [exthost] [info] ExtensionService#loadCommonJSModule /home/gabriel/.vscode/extensions/hookyqr.beautify-1.4.6/extension
[2018-10-19 13:08:53.541] [exthost] [info] ExtensionService#_doActivateExtension ms-vscode.atom-keybindings {"startup":true,"activationEvent":"*"}
[2018-10-19 13:08:53.541] [exthost] [info] ExtensionService#loadCommonJSModule /home/gabriel/.vscode/extensions/ms-vscode.atom-keybindings-3.0.4/extension
[2018-10-19 13:08:53.542] [exthost] [info] ExtensionService#_doActivateExtension naumovs.color-highlight {"startup":true,"activationEvent":"*"}
[2018-10-19 13:08:53.542] [exthost] [info] ExtensionService#loadCommonJSModule /home/gabriel/.vscode/extensions/naumovs.color-highlight-2.3.0/dist/extension
[2018-10-19 13:08:53.596] [exthost] [info] ExtensionService#_doActivateExtension streetsidesoftware.code-spell-checker {"startup":true,"activationEvent":"*"}
[2018-10-19 13:08:53.596] [exthost] [info] ExtensionService#loadCommonJSModule /home/gabriel/.vscode/extensions/streetsidesoftware.code-spell-checker-1.6.10/out/src/extension
[2018-10-19 13:08:53.818] [exthost] [info] ExtensionService#_doActivateExtension WallabyJs.quokka-vscode {"startup":true,"activationEvent":"*"}
[2018-10-19 13:08:53.818] [exthost] [info] ExtensionService#loadCommonJSModule /home/gabriel/.vscode/extensions/wallabyjs.quokka-vscode-1.0.156/index
[2018-10-19 13:08:53.820] [exthost] [info] eager extensions activated
[2018-10-19 13:08:56.402] [exthost] [info] ExtensionService#_doActivateExtension vscode.typescript-language-features {"startup":false,"activationEvent":"onLanguage:javascript"}
[2018-10-19 13:08:56.402] [exthost] [info] ExtensionService#loadCommonJSModule /usr/share/code/resources/app/extensions/typescript-language-features/dist/extension
[2018-10-19 13:08:56.562] [exthost] [info] ExtensionService#_doActivateExtension christian-kohler.npm-intellisense {"startup":false,"activationEvent":"onLanguage:javascript"}
[2018-10-19 13:08:56.562] [exthost] [info] ExtensionService#loadCommonJSModule /home/gabriel/.vscode/extensions/christian-kohler.npm-intellisense-1.3.0/out/src/extension
[2018-10-19 13:10:03.837] [exthost] [info] ExtensionService#_doActivateExtension vscode.php-language-features {"startup":false,"activationEvent":"onLanguage:php"}
[2018-10-19 13:10:03.837] [exthost] [info] ExtensionService#loadCommonJSModule /usr/share/code/resources/app/extensions/php-language-features/dist/phpMain
[2018-10-19 13:10:40.675] [exthost] [info] ExtensionService#_doActivateExtension vscode.extension-editing {"startup":false,"activationEvent":"onLanguage:typescript"}
[2018-10-19 13:10:40.675] [exthost] [info] ExtensionService#loadCommonJSModule /usr/share/code/resources/app/extensions/extension-editing/dist/extension
[2018-10-19 13:22:39.470] [exthost] [info] ExtensionService#_doActivateExtension vscode.css-language-features {"startup":false,"activationEvent":"onLanguage:css"}
[2018-10-19 13:22:39.470] [exthost] [info] ExtensionService#loadCommonJSModule /usr/share/code/resources/app/extensions/css-language-features/client/dist/cssMain
[2018-10-19 14:25:24.782] [exthost] [info] ExtensionService#_doActivateExtension vscode.html-language-features {"startup":false,"activationEvent":"onLanguage:html"}
[2018-10-19 14:25:24.782] [exthost] [info] ExtensionService#loadCommonJSModule /usr/share/code/resources/app/extensions/html-language-features/client/dist/htmlMain
