[2018-10-30 12:01:20.624] [sharedprocess] [info] main {"machineId":"30a3751bf97f8283833cd503498e51373fbc5ee414ff8f8fe2ad04bbe9319f94"}
[2018-10-30 12:01:22.870] [sharedprocess] [info] Scanned user extensions: 14
[2018-10-30 12:01:23.526] [sharedprocess] [info] Scanned system extensions: 71
[2018-10-30 12:01:23.572] [sharedprocess] [info] Deleted from disk hookyqr.beautify-1.4.6
[2018-10-30 12:01:24.588] [sharedprocess] [info] Scanned user extensions: 14
[2018-10-30 12:01:24.594] [sharedprocess] [info] Scanned user extensions: 14
[2018-10-30 12:01:24.595] [sharedprocess] [info] Scanned user extensions: 14
[2018-10-30 12:01:24.602] [sharedprocess] [info] Scanned user extensions: 14
[2018-10-30 12:01:24.694] [sharedprocess] [info] Scanned system extensions: 71
[2018-10-30 12:01:24.703] [sharedprocess] [info] Scanned system extensions: 71
[2018-10-30 12:01:24.707] [sharedprocess] [info] Scanned system extensions: 71
[2018-10-30 12:01:25.236] [sharedprocess] [info] Scanned user extensions: 14
[2018-10-30 12:02:00.648] [sharedprocess] [info] Starting to clean up unused language packs.
[2018-10-30 12:06:26.470] [sharedprocess] [info] Scanned user extensions: 14
[2018-10-30 12:11:27.348] [sharedprocess] [info] Scanned user extensions: 14
[2018-10-30 12:16:27.366] [sharedprocess] [info] Scanned user extensions: 14
[2018-10-30 12:21:27.391] [sharedprocess] [info] Scanned user extensions: 14
[2018-10-30 12:26:27.410] [sharedprocess] [info] Scanned user extensions: 14
[2018-10-30 12:31:27.429] [sharedprocess] [info] Scanned user extensions: 14
[2018-10-30 12:36:27.446] [sharedprocess] [info] Scanned user extensions: 14
[2018-10-30 12:41:27.467] [sharedprocess] [info] Scanned user extensions: 14
[2018-10-30 12:46:27.599] [sharedprocess] [info] Scanned user extensions: 14
[2018-10-30 12:51:27.629] [sharedprocess] [info] Scanned user extensions: 14
[2018-10-30 12:56:29.523] [sharedprocess] [info] Scanned user extensions: 14
[2018-10-30 13:01:30.628] [sharedprocess] [info] Scanned user extensions: 14
[2018-10-30 13:06:30.686] [sharedprocess] [info] Scanned user extensions: 14
[2018-10-30 13:11:30.703] [sharedprocess] [info] Scanned user extensions: 14
