[2018-10-30 12:01:27.771] [exthost] [info] extension host started
[2018-10-30 12:01:27.814] [exthost] [info] ExtensionService#_doActivateExtension vscode.debug-auto-launch {"startup":true,"activationEvent":"*"}
[2018-10-30 12:01:27.814] [exthost] [info] ExtensionService#loadCommonJSModule /usr/share/code/resources/app/extensions/debug-auto-launch/dist/extension
[2018-10-30 12:01:27.971] [exthost] [info] ExtensionService#_doActivateExtension vscode.emmet {"startup":true,"activationEvent":"*"}
[2018-10-30 12:01:27.971] [exthost] [info] ExtensionService#loadCommonJSModule /usr/share/code/resources/app/extensions/emmet/dist/extension
[2018-10-30 12:01:28.093] [exthost] [info] ExtensionService#_doActivateExtension vscode.git {"startup":true,"activationEvent":"*"}
[2018-10-30 12:01:28.093] [exthost] [info] ExtensionService#loadCommonJSModule /usr/share/code/resources/app/extensions/git/dist/main
[2018-10-30 12:01:28.385] [exthost] [info] ExtensionService#_doActivateExtension vscode.merge-conflict {"startup":true,"activationEvent":"*"}
[2018-10-30 12:01:28.385] [exthost] [info] ExtensionService#loadCommonJSModule /usr/share/code/resources/app/extensions/merge-conflict/dist/extension
[2018-10-30 12:01:28.417] [exthost] [info] ExtensionService#_doActivateExtension vscode.search-rg {"startup":true,"activationEvent":"*"}
[2018-10-30 12:01:28.417] [exthost] [info] ExtensionService#loadCommonJSModule /usr/share/code/resources/app/extensions/search-rg/dist/extension
[2018-10-30 12:01:28.487] [exthost] [info] ExtensionService#_doActivateExtension dbaeumer.vscode-eslint {"startup":true,"activationEvent":"*"}
[2018-10-30 12:01:28.487] [exthost] [info] ExtensionService#loadCommonJSModule /home/gabriel/.vscode/extensions/dbaeumer.vscode-eslint-1.6.1/client/out/extension
[2018-10-30 12:01:29.269] [exthost] [info] ExtensionService#_doActivateExtension esbenp.prettier-vscode {"startup":true,"activationEvent":"*"}
[2018-10-30 12:01:29.269] [exthost] [info] ExtensionService#loadCommonJSModule /home/gabriel/.vscode/extensions/esbenp.prettier-vscode-1.6.1/out/src/extension
[2018-10-30 12:01:30.004] [exthost] [info] ExtensionService#_doActivateExtension HookyQR.beautify {"startup":true,"activationEvent":"*"}
[2018-10-30 12:01:30.004] [exthost] [info] ExtensionService#loadCommonJSModule /home/gabriel/.vscode/extensions/hookyqr.beautify-1.4.7/extension
[2018-10-30 12:01:30.515] [exthost] [info] ExtensionService#_doActivateExtension ms-vscode.atom-keybindings {"startup":true,"activationEvent":"*"}
[2018-10-30 12:01:30.516] [exthost] [info] ExtensionService#loadCommonJSModule /home/gabriel/.vscode/extensions/ms-vscode.atom-keybindings-3.0.4/extension
[2018-10-30 12:01:30.535] [exthost] [info] ExtensionService#_doActivateExtension naumovs.color-highlight {"startup":true,"activationEvent":"*"}
[2018-10-30 12:01:30.535] [exthost] [info] ExtensionService#loadCommonJSModule /home/gabriel/.vscode/extensions/naumovs.color-highlight-2.3.0/dist/extension
[2018-10-30 12:01:30.641] [exthost] [info] ExtensionService#_doActivateExtension streetsidesoftware.code-spell-checker {"startup":true,"activationEvent":"*"}
[2018-10-30 12:01:30.641] [exthost] [info] ExtensionService#loadCommonJSModule /home/gabriel/.vscode/extensions/streetsidesoftware.code-spell-checker-1.6.10/out/src/extension
[2018-10-30 12:01:31.755] [exthost] [info] ExtensionService#_doActivateExtension WallabyJs.quokka-vscode {"startup":true,"activationEvent":"*"}
[2018-10-30 12:01:31.756] [exthost] [info] ExtensionService#loadCommonJSModule /home/gabriel/.vscode/extensions/wallabyjs.quokka-vscode-1.0.156/index
[2018-10-30 12:01:31.785] [exthost] [info] eager extensions activated
[2018-10-30 12:01:31.785] [exthost] [info] ExtensionService#_doActivateExtension vscode.configuration-editing {"startup":false,"activationEvent":"onLanguage:json"}
[2018-10-30 12:01:31.785] [exthost] [info] ExtensionService#loadCommonJSModule /usr/share/code/resources/app/extensions/configuration-editing/dist/extension
[2018-10-30 12:01:32.313] [exthost] [info] ExtensionService#_doActivateExtension vscode.extension-editing {"startup":false,"activationEvent":"onLanguage:json"}
[2018-10-30 12:01:32.313] [exthost] [info] ExtensionService#loadCommonJSModule /usr/share/code/resources/app/extensions/extension-editing/dist/extension
[2018-10-30 12:01:32.512] [exthost] [info] ExtensionService#_doActivateExtension vscode.json-language-features {"startup":false,"activationEvent":"onLanguage:json"}
[2018-10-30 12:01:32.512] [exthost] [info] ExtensionService#loadCommonJSModule /usr/share/code/resources/app/extensions/json-language-features/client/dist/jsonMain
[2018-10-30 12:01:32.993] [exthost] [info] ExtensionService#_doActivateExtension vscode.npm {"startup":false,"activationEvent":"onLanguage:json"}
[2018-10-30 12:01:32.993] [exthost] [info] ExtensionService#loadCommonJSModule /usr/share/code/resources/app/extensions/npm/dist/main
[2018-10-30 12:02:16.028] [exthost] [info] ExtensionService#_doActivateExtension vscode.php-language-features {"startup":false,"activationEvent":"onLanguage:php"}
[2018-10-30 12:02:16.028] [exthost] [info] ExtensionService#loadCommonJSModule /usr/share/code/resources/app/extensions/php-language-features/dist/phpMain
