[2018-10-19 07:17:35.356] [exthost] [info] extension host started
[2018-10-19 07:17:35.392] [exthost] [info] ExtensionService#_doActivateExtension vscode.debug-auto-launch {"startup":true,"activationEvent":"*"}
[2018-10-19 07:17:35.392] [exthost] [info] ExtensionService#loadCommonJSModule /usr/share/code/resources/app/extensions/debug-auto-launch/dist/extension
[2018-10-19 07:17:35.718] [exthost] [info] ExtensionService#_doActivateExtension vscode.emmet {"startup":true,"activationEvent":"*"}
[2018-10-19 07:17:35.718] [exthost] [info] ExtensionService#loadCommonJSModule /usr/share/code/resources/app/extensions/emmet/dist/extension
[2018-10-19 07:17:35.804] [exthost] [info] ExtensionService#_doActivateExtension vscode.git {"startup":true,"activationEvent":"*"}
[2018-10-19 07:17:35.804] [exthost] [info] ExtensionService#loadCommonJSModule /usr/share/code/resources/app/extensions/git/dist/main
[2018-10-19 07:17:36.189] [exthost] [info] ExtensionService#_doActivateExtension vscode.merge-conflict {"startup":true,"activationEvent":"*"}
[2018-10-19 07:17:36.189] [exthost] [info] ExtensionService#loadCommonJSModule /usr/share/code/resources/app/extensions/merge-conflict/dist/extension
[2018-10-19 07:17:37.590] [exthost] [info] ExtensionService#_doActivateExtension vscode.search-rg {"startup":true,"activationEvent":"*"}
[2018-10-19 07:17:37.590] [exthost] [info] ExtensionService#loadCommonJSModule /usr/share/code/resources/app/extensions/search-rg/dist/extension
[2018-10-19 07:17:37.663] [exthost] [info] ExtensionService#_doActivateExtension dbaeumer.vscode-eslint {"startup":true,"activationEvent":"*"}
[2018-10-19 07:17:37.663] [exthost] [info] ExtensionService#loadCommonJSModule /home/gabriel/.vscode/extensions/dbaeumer.vscode-eslint-1.6.1/client/out/extension
[2018-10-19 07:17:38.122] [exthost] [info] ExtensionService#_doActivateExtension esbenp.prettier-vscode {"startup":true,"activationEvent":"*"}
[2018-10-19 07:17:38.122] [exthost] [info] ExtensionService#loadCommonJSModule /home/gabriel/.vscode/extensions/esbenp.prettier-vscode-1.6.1/out/src/extension
[2018-10-19 07:17:38.613] [exthost] [info] ExtensionService#_doActivateExtension HookyQR.beautify {"startup":true,"activationEvent":"*"}
[2018-10-19 07:17:38.613] [exthost] [info] ExtensionService#loadCommonJSModule /home/gabriel/.vscode/extensions/hookyqr.beautify-1.4.6/extension
[2018-10-19 07:17:39.025] [exthost] [info] ExtensionService#_doActivateExtension ms-vscode.atom-keybindings {"startup":true,"activationEvent":"*"}
[2018-10-19 07:17:39.025] [exthost] [info] ExtensionService#loadCommonJSModule /home/gabriel/.vscode/extensions/ms-vscode.atom-keybindings-3.0.4/extension
[2018-10-19 07:17:39.035] [exthost] [info] ExtensionService#_doActivateExtension naumovs.color-highlight {"startup":true,"activationEvent":"*"}
[2018-10-19 07:17:39.035] [exthost] [info] ExtensionService#loadCommonJSModule /home/gabriel/.vscode/extensions/naumovs.color-highlight-2.3.0/dist/extension
[2018-10-19 07:17:39.116] [exthost] [info] ExtensionService#_doActivateExtension streetsidesoftware.code-spell-checker {"startup":true,"activationEvent":"*"}
[2018-10-19 07:17:39.116] [exthost] [info] ExtensionService#loadCommonJSModule /home/gabriel/.vscode/extensions/streetsidesoftware.code-spell-checker-1.6.10/out/src/extension
[2018-10-19 07:17:39.853] [exthost] [info] ExtensionService#_doActivateExtension WallabyJs.quokka-vscode {"startup":true,"activationEvent":"*"}
[2018-10-19 07:17:39.853] [exthost] [info] ExtensionService#loadCommonJSModule /home/gabriel/.vscode/extensions/wallabyjs.quokka-vscode-1.0.156/index
[2018-10-19 07:17:39.868] [exthost] [info] eager extensions activated
[2018-10-19 07:17:39.873] [exthost] [info] ExtensionService#_doActivateExtension vscode.php-language-features {"startup":false,"activationEvent":"onLanguage:php"}
[2018-10-19 07:17:39.873] [exthost] [info] ExtensionService#loadCommonJSModule /usr/share/code/resources/app/extensions/php-language-features/dist/phpMain
[2018-10-19 08:09:41.451] [exthost] [info] ExtensionService#_doActivateExtension vscode.css-language-features {"startup":false,"activationEvent":"onLanguage:css"}
[2018-10-19 08:09:41.451] [exthost] [info] ExtensionService#loadCommonJSModule /usr/share/code/resources/app/extensions/css-language-features/client/dist/cssMain
[2018-10-19 08:32:52.802] [exthost] [info] ExtensionService#_doActivateExtension vscode.html-language-features {"startup":false,"activationEvent":"onLanguage:html"}
[2018-10-19 08:32:52.802] [exthost] [info] ExtensionService#loadCommonJSModule /usr/share/code/resources/app/extensions/html-language-features/client/dist/htmlMain
[2018-10-19 08:35:55.245] [exthost] [info] ExtensionService#_doActivateExtension vscode.typescript-language-features {"startup":false,"activationEvent":"onLanguage:javascript"}
[2018-10-19 08:35:55.245] [exthost] [info] ExtensionService#loadCommonJSModule /usr/share/code/resources/app/extensions/typescript-language-features/dist/extension
[2018-10-19 08:35:55.434] [exthost] [info] ExtensionService#_doActivateExtension christian-kohler.npm-intellisense {"startup":false,"activationEvent":"onLanguage:javascript"}
[2018-10-19 08:35:55.434] [exthost] [info] ExtensionService#loadCommonJSModule /home/gabriel/.vscode/extensions/christian-kohler.npm-intellisense-1.3.0/out/src/extension
[2018-10-19 08:39:20.713] [exthost] [info] ExtensionService#_doActivateExtension vscode.extension-editing {"startup":false,"activationEvent":"onLanguage:typescript"}
[2018-10-19 08:39:20.713] [exthost] [info] ExtensionService#loadCommonJSModule /usr/share/code/resources/app/extensions/extension-editing/dist/extension
